<?xml version="1.0" encoding="UTF-8"?>
<!-- Generated by org.testng.reporters.JUnitXMLReporter -->
<testsuite hostname="AMJT" ignored="2" name="Test Dashboards" tests="29" failures="0" timestamp="25 Oct 2018 08:23:03 GMT" time="422.332" errors="0">
  <testcase name="clickFaresDashboardLink" time="11.634" classname="base.FaresDashboard"/>
  <testcase name="checkBoxFilterAgentGroups" time="6.745" classname="modulesTab.FaresDashboardFaresDashboard"/>
  <testcase name="checkBoxFilterIATANo" time="11.612" classname="modulesTab.FaresDashboardFaresDashboard"/>
  <testcase name="selectFilterYear" time="2.541" classname="modulesTab.FaresDashboardFaresDashboard"/>
  <testcase name="selectFilterMonth" time="2.039" classname="modulesTab.FaresDashboardFaresDashboard"/>
  <testcase name="checkBoxFilterMarketedCarrier" time="38.372" classname="modulesTab.FaresDashboardFaresDashboard"/>
  <testcase name="checkBoxFilterClasses" time="49.375" classname="modulesTab.FaresDashboardFaresDashboard"/>
  <testcase name="checkBoxFilterDomInt" time="14.365" classname="modulesTab.FaresDashboardFaresDashboard"/>
  <testcase name="selectFilterPBNR" time="3.103" classname="modulesTab.FaresDashboardFaresDashboard"/>
  <testcase name="checkBoxFilterPlatedCarrier" time="9.223" classname="modulesTab.FaresDashboardFaresDashboard"/>
  <testcase name="checkBoxFilterPlatedYear" time="13.012" classname="modulesTab.FaresDashboardFaresDashboard"/>
  <testcase name="checkBoxFilterPlatedMonth" time="35.356" classname="modulesTab.FaresDashboardFaresDashboard"/>
  <testcase name="selectFilterLimit" time="1.853" classname="modulesTab.FaresDashboardFaresDashboard"/>
  <testcase name="checkBoxFilterNoTax" time="16.12" classname="modulesTab.FaresDashboardFaresDashboard"/>
  <testcase name="clickClearFilters" time="6.371" classname="modulesTab.FaresDashboardFaresDashboard"/>
  <testcase name="checkBoxFilterAgentGroups" time="6.688" classname="modulesTab.FaresDashboardCumulativeFaresDashboard"/>
  <testcase name="checkBoxFilterIATANo" time="11.069" classname="modulesTab.FaresDashboardCumulativeFaresDashboard"/>
  <testcase name="selectFilterYear" time="2.353" classname="modulesTab.FaresDashboardCumulativeFaresDashboard"/>
  <testcase name="selectFilterMonth" time="1.444" classname="modulesTab.FaresDashboardCumulativeFaresDashboard"/>
  <testcase name="checkBoxFilterMarketedCarrier" time="31.164" classname="modulesTab.FaresDashboardCumulativeFaresDashboard"/>
  <testcase name="checkBoxFilterClasses" time="38.14" classname="modulesTab.FaresDashboardCumulativeFaresDashboard"/>
  <testcase name="checkBoxFilterDomInt" time="10.764" classname="modulesTab.FaresDashboardCumulativeFaresDashboard"/>
  <testcase name="selectFilterPBNR" time="0.847" classname="modulesTab.FaresDashboardCumulativeFaresDashboard"/>
  <testcase name="checkBoxFilterPlatedCarrier" time="8.271" classname="modulesTab.FaresDashboardCumulativeFaresDashboard"/>
  <testcase name="checkBoxFilterPlatedYear" time="12.028" classname="modulesTab.FaresDashboardCumulativeFaresDashboard"/>
  <testcase name="checkBoxFilterPlatedMonth" time="25.4" classname="modulesTab.FaresDashboardCumulativeFaresDashboard"/>
  <testcase name="selectFilterLimit" time="2.626" classname="modulesTab.FaresDashboardCumulativeFaresDashboard"/>
  <testcase name="checkBoxFilterNoTax" time="13.135" classname="modulesTab.FaresDashboardCumulativeFaresDashboard"/>
  <testcase name="clickClearFilters" time="4.389" classname="modulesTab.FaresDashboardCumulativeFaresDashboard"/>
  <testcase name="clickSetFilters" time="0.0" classname="modulesTab.FaresDashboardCumulativeFaresDashboard">
    <ignored/>
  </testcase> <!-- clickSetFilters -->
  <testcase name="clickSetFilters" time="0.0" classname="modulesTab.FaresDashboardFaresDashboard">
    <ignored/>
  </testcase> <!-- clickSetFilters -->
</testsuite> <!-- Test Dashboards -->
