<?xml version="1.0" encoding="UTF-8"?>
<!-- Generated by org.testng.reporters.JUnitXMLReporter -->
<testsuite hostname="AMJT" ignored="11" name="Test Revenue Metrics" tests="2" failures="0" timestamp="10 Oct 2018 03:22:30 GMT" time="45.138" errors="0">
  <testcase name="clickTicketedRevenueReportLink" time="7.834" classname="base.TicketedRevenueReport"/>
  <testcase name="checkBoxFilterCarrier" time="9.11" classname="modulesTab.TicketedRevenueMetricsCurrentYearVsLastYear"/>
  <testcase name="selectFilterMonth" time="0.0" classname="modulesTab.TicketedRevenueMetricsCurrentYearVsLastYear">
    <ignored/>
  </testcase> <!-- selectFilterMonth -->
  <testcase name="checkBoxFilterTransCode" time="0.0" classname="modulesTab.TicketedRevenueMetricsCurrentYearVsLastYear">
    <ignored/>
  </testcase> <!-- checkBoxFilterTransCode -->
  <testcase name="checkBoxFilterIATANo" time="0.0" classname="modulesTab.TicketedRevenueMetricsCurrentYearVsLastYear">
    <ignored/>
  </testcase> <!-- checkBoxFilterIATANo -->
  <testcase name="@BeforeTest openBrowser" time="0.0" classname="base.StartSeleniumTest">
    <ignored/>
  </testcase> <!-- @BeforeTest openBrowser -->
  <testcase name="selectFilterPBNR" time="0.0" classname="modulesTab.TicketedRevenueMetricsCurrentYearVsLastYear">
    <ignored/>
  </testcase> <!-- selectFilterPBNR -->
  <testcase name="clickSetFilters" time="0.0" classname="modulesTab.TicketedRevenueMetricsCurrentYearVsLastYear">
    <ignored/>
  </testcase> <!-- clickSetFilters -->
  <testcase name="checkBoxFilterNoTax" time="0.0" classname="modulesTab.TicketedRevenueMetricsCurrentYearVsLastYear">
    <ignored/>
  </testcase> <!-- checkBoxFilterNoTax -->
  <testcase name="selectFilterYear" time="0.0" classname="modulesTab.TicketedRevenueMetricsCurrentYearVsLastYear">
    <ignored/>
  </testcase> <!-- selectFilterYear -->
  <testcase name="checkBoxFilterAgentGroups" time="0.0" classname="modulesTab.TicketedRevenueMetricsCurrentYearVsLastYear">
    <ignored/>
  </testcase> <!-- checkBoxFilterAgentGroups -->
  <testcase name="clickClearFilters" time="0.0" classname="modulesTab.TicketedRevenueMetricsCurrentYearVsLastYear">
    <ignored/>
  </testcase> <!-- clickClearFilters -->
  <testcase name="checkBoxFilterDomInt" time="0.0" classname="modulesTab.TicketedRevenueMetricsCurrentYearVsLastYear">
    <ignored/>
  </testcase> <!-- checkBoxFilterDomInt -->
</testsuite> <!-- Test Revenue Metrics -->
