<?xml version="1.0" encoding="UTF-8"?>
<!-- Generated by org.testng.reporters.JUnitXMLReporter -->
<testsuite hostname="AMJT" ignored="2" name="Test GroupPerformance" tests="21" failures="0" timestamp="17 Jul 2018 08:11:55 GMT" time="201.94" errors="0">
  <testcase name="clickGroupPerformanceLink" time="41.856" classname="base.GroupPerformance"/>
  <testcase name="clickCumulativePerformanceTab" time="0.218" classname="modules.CumulativePerformance"/>
  <testcase name="selectFilterYear" time="1.711" classname="modules.CumulativePerformance"/>
  <testcase name="selectFilterMonth" time="1.319" classname="modules.CumulativePerformance"/>
  <testcase name="checkBoxFilterAgentGroups" time="7.185" classname="modules.CumulativePerformance"/>
  <testcase name="checkBoxFilterIATANo" time="9.267" classname="modules.CumulativePerformance"/>
  <testcase name="checkBoxFilterDomInt" time="17.219" classname="modules.CumulativePerformance"/>
  <testcase name="selectFilterPBNR" time="0.716" classname="modules.CumulativePerformance"/>
  <testcase name="checkBoxFilterNoTax" time="9.619" classname="modules.CumulativePerformance"/>
  <testcase name="clickSetFilters" time="17.51" classname="modules.CumulativePerformance"/>
  <testcase name="clickClearFilters" time="3.087" classname="modules.CumulativePerformance"/>
  <testcase name="clickAgencyPerformanceTab" time="0.206" classname="modules.AgencyPerformance"/>
  <testcase name="selectFilterYear" time="2.46" classname="modules.AgencyPerformance"/>
  <testcase name="selectFilterMonth" time="2.755" classname="modules.AgencyPerformance"/>
  <testcase name="checkBoxFilterAgentGroups" time="7.262" classname="modules.AgencyPerformance"/>
  <testcase name="checkBoxFilterIATANo" time="9.876" classname="modules.AgencyPerformance"/>
  <testcase name="checkBoxFilterDomInt" time="10.409" classname="modules.AgencyPerformance"/>
  <testcase name="selectFilterPBNR" time="0.741" classname="modules.AgencyPerformance"/>
  <testcase name="checkBoxFilterNoTax" time="17.71" classname="modules.AgencyPerformance"/>
  <testcase name="clickSetFilters" time="14.442" classname="modules.AgencyPerformance"/>
  <testcase name="clickClearFilters" time="2.985" classname="modules.AgencyPerformance"/>
  <testcase name="@BeforeTest openBrowser" time="0.0" classname="base.StartSeleniumTest">
    <ignored/>
  </testcase> <!-- @BeforeTest openBrowser -->
  <testcase name="@BeforeTest openBrowser" time="0.0" classname="base.StartSeleniumTest">
    <ignored/>
  </testcase> <!-- @BeforeTest openBrowser -->
</testsuite> <!-- Test GroupPerformance -->
